{"/home/mariana/Documents/bsi/PM/externalTransactions/src/app.js": {"path":"/home/mariana/Documents/bsi/PM/externalTransactions/src/app.js","statementMap":{"0":{"start":{"line":3,"column":16},"end":{"line":3,"column":34}},"1":{"start":{"line":5,"column":14},"end":{"line":12,"column":1}},"2":{"start":{"line":6,"column":16},"end":{"line":6,"column":29}},"3":{"start":{"line":8,"column":4},"end":{"line":8,"column":54}},"4":{"start":{"line":9,"column":4},"end":{"line":9,"column":57}},"5":{"start":{"line":11,"column":4},"end":{"line":11,"column":15}},"6":{"start":{"line":14,"column":0},"end":{"line":16,"column":1}}},"fnMap":{"0":{"name":"(anonymous_0)","decl":{"start":{"line":5,"column":14},"end":{"line":5,"column":15}},"loc":{"start":{"line":5,"column":29},"end":{"line":12,"column":1}},"line":5}},"branchMap":{"0":{"loc":{"start":{"line":5,"column":15},"end":{"line":5,"column":24}},"type":"default-arg","locations":[{"start":{"line":5,"column":22},"end":{"line":5,"column":24}}],"line":5}},"s":{"0":2,"1":2,"2":2,"3":2,"4":2,"5":2,"6":2},"f":{"0":2},"b":{"0":[2]},"_coverageSchema":"1a1c01bbd47fc00a2c39e90264f33305004495a9","hash":"a9623723809547716b2937ed8f83e65281b39bb7"}
,"/home/mariana/Documents/bsi/PM/externalTransactions/src/index.js": {"path":"/home/mariana/Documents/bsi/PM/externalTransactions/src/index.js","statementMap":{"0":{"start":{"line":3,"column":16},"end":{"line":5,"column":1}},"1":{"start":{"line":4,"column":4},"end":{"line":4,"column":25}},"2":{"start":{"line":7,"column":0},"end":{"line":9,"column":2}}},"fnMap":{"0":{"name":"(anonymous_0)","decl":{"start":{"line":3,"column":16},"end":{"line":3,"column":17}},"loc":{"start":{"line":3,"column":22},"end":{"line":5,"column":1}},"line":3}},"branchMap":{},"s":{"0":2,"1":1,"2":2},"f":{"0":1},"b":{},"_coverageSchema":"1a1c01bbd47fc00a2c39e90264f33305004495a9","hash":"0700be48b6543593f59964d46e44c085ec66acd1"}
,"/home/mariana/Documents/bsi/PM/externalTransactions/src/routes/helloWorldRoute.js": {"path":"/home/mariana/Documents/bsi/PM/externalTransactions/src/routes/helloWorldRoute.js","statementMap":{"0":{"start":{"line":3,"column":20},"end":{"line":3,"column":39}},"1":{"start":{"line":5,"column":15},"end":{"line":9,"column":1}},"2":{"start":{"line":6,"column":4},"end":{"line":8,"column":6}},"3":{"start":{"line":7,"column":8},"end":{"line":7,"column":30}},"4":{"start":{"line":11,"column":0},"end":{"line":11,"column":24}}},"fnMap":{"0":{"name":"(anonymous_0)","decl":{"start":{"line":5,"column":15},"end":{"line":5,"column":16}},"loc":{"start":{"line":5,"column":34},"end":{"line":9,"column":1}},"line":5},"1":{"name":"(anonymous_1)","decl":{"start":{"line":6,"column":31},"end":{"line":6,"column":32}},"loc":{"start":{"line":6,"column":51},"end":{"line":8,"column":5}},"line":6}},"branchMap":{},"s":{"0":2,"1":2,"2":2,"3":1,"4":2},"f":{"0":2,"1":1},"b":{},"_coverageSchema":"1a1c01bbd47fc00a2c39e90264f33305004495a9","hash":"8681ac78b373a829c9a45fbede14571f38d88a92"}
,"/home/mariana/Documents/bsi/PM/externalTransactions/src/routes/transactionsRoutes.js": {"path":"/home/mariana/Documents/bsi/PM/externalTransactions/src/routes/transactionsRoutes.js","statementMap":{"0":{"start":{"line":3,"column":20},"end":{"line":3,"column":52}},"1":{"start":{"line":4,"column":21},"end":{"line":4,"column":62}},"2":{"start":{"line":5,"column":27},"end":{"line":5,"column":66}},"3":{"start":{"line":6,"column":28},"end":{"line":6,"column":70}},"4":{"start":{"line":19,"column":15},"end":{"line":22,"column":1}},"5":{"start":{"line":20,"column":4},"end":{"line":20,"column":72}},"6":{"start":{"line":21,"column":4},"end":{"line":21,"column":98}},"7":{"start":{"line":24,"column":0},"end":{"line":24,"column":24}}},"fnMap":{"0":{"name":"(anonymous_0)","decl":{"start":{"line":19,"column":15},"end":{"line":19,"column":16}},"loc":{"start":{"line":19,"column":34},"end":{"line":22,"column":1}},"line":19}},"branchMap":{},"s":{"0":2,"1":2,"2":2,"3":2,"4":2,"5":2,"6":2,"7":2},"f":{"0":2},"b":{},"_coverageSchema":"1a1c01bbd47fc00a2c39e90264f33305004495a9","hash":"d3b8f6de703c37a72ba748b6bb710c11347b2563"}
,"/home/mariana/Documents/bsi/PM/externalTransactions/src/routes/schemas/emailSchema.js": {"path":"/home/mariana/Documents/bsi/PM/externalTransactions/src/routes/schemas/emailSchema.js","statementMap":{"0":{"start":{"line":3,"column":23},"end":{"line":12,"column":1}},"1":{"start":{"line":14,"column":0},"end":{"line":16,"column":1}}},"fnMap":{},"branchMap":{},"s":{"0":2,"1":2},"f":{},"b":{},"_coverageSchema":"1a1c01bbd47fc00a2c39e90264f33305004495a9","hash":"ab7d23980511bc0f2d83ebb262f2c4d83188a74b"}
,"/home/mariana/Documents/bsi/PM/externalTransactions/src/routes/schemas/validaCartaoSchema.js": {"path":"/home/mariana/Documents/bsi/PM/externalTransactions/src/routes/schemas/validaCartaoSchema.js","statementMap":{"0":{"start":{"line":3,"column":23},"end":{"line":12,"column":1}},"1":{"start":{"line":14,"column":0},"end":{"line":16,"column":1}}},"fnMap":{},"branchMap":{},"s":{"0":2,"1":2},"f":{},"b":{},"_coverageSchema":"1a1c01bbd47fc00a2c39e90264f33305004495a9","hash":"ed384f6d589de9c9c8f86f6a4f75b2e56910291b"}
,"/home/mariana/Documents/bsi/PM/externalTransactions/src/services/enviarEmailService.js": {"path":"/home/mariana/Documents/bsi/PM/externalTransactions/src/services/enviarEmailService.js","statementMap":{"0":{"start":{"line":3,"column":12},"end":{"line":3,"column":40}},"1":{"start":{"line":4,"column":19},"end":{"line":4,"column":40}},"2":{"start":{"line":5,"column":14},"end":{"line":5,"column":30}},"3":{"start":{"line":7,"column":27},"end":{"line":7,"column":91}},"4":{"start":{"line":8,"column":23},"end":{"line":8,"column":71}},"5":{"start":{"line":9,"column":22},"end":{"line":9,"column":55}},"6":{"start":{"line":11,"column":20},"end":{"line":43,"column":1}},"7":{"start":{"line":12,"column":4},"end":{"line":12,"column":47}},"8":{"start":{"line":14,"column":41},"end":{"line":14,"column":53}},"9":{"start":{"line":15,"column":20},"end":{"line":15,"column":52}},"10":{"start":{"line":17,"column":4},"end":{"line":20,"column":5}},"11":{"start":{"line":18,"column":8},"end":{"line":18,"column":47}},"12":{"start":{"line":19,"column":8},"end":{"line":19,"column":68}},"13":{"start":{"line":22,"column":27},"end":{"line":22,"column":53}},"14":{"start":{"line":24,"column":4},"end":{"line":42,"column":5}},"15":{"start":{"line":25,"column":28},"end":{"line":30,"column":9}},"16":{"start":{"line":32,"column":8},"end":{"line":37,"column":15}},"17":{"start":{"line":34,"column":16},"end":{"line":34,"column":44}},"18":{"start":{"line":35,"column":16},"end":{"line":35,"column":75}},"19":{"start":{"line":38,"column":11},"end":{"line":42,"column":5}},"20":{"start":{"line":39,"column":8},"end":{"line":39,"column":56}},"21":{"start":{"line":41,"column":8},"end":{"line":41,"column":54}},"22":{"start":{"line":45,"column":20},"end":{"line":51,"column":2}},"23":{"start":{"line":53,"column":22},"end":{"line":64,"column":1}},"24":{"start":{"line":54,"column":19},"end":{"line":54,"column":41}},"25":{"start":{"line":55,"column":21},"end":{"line":55,"column":122}},"26":{"start":{"line":57,"column":4},"end":{"line":63,"column":5}},"27":{"start":{"line":58,"column":23},"end":{"line":58,"column":36}},"28":{"start":{"line":60,"column":8},"end":{"line":60,"column":47}},"29":{"start":{"line":62,"column":8},"end":{"line":62,"column":54}},"30":{"start":{"line":66,"column":28},"end":{"line":78,"column":1}},"31":{"start":{"line":67,"column":4},"end":{"line":77,"column":7}},"32":{"start":{"line":68,"column":27},"end":{"line":68,"column":109}},"33":{"start":{"line":70,"column":22},"end":{"line":72,"column":25}},"34":{"start":{"line":71,"column":12},"end":{"line":71,"column":27}},"35":{"start":{"line":74,"column":23},"end":{"line":74,"column":45}},"36":{"start":{"line":75,"column":8},"end":{"line":75,"column":28}},"37":{"start":{"line":76,"column":8},"end":{"line":76,"column":24}},"38":{"start":{"line":80,"column":0},"end":{"line":83,"column":1}}},"fnMap":{"0":{"name":"(anonymous_0)","decl":{"start":{"line":11,"column":20},"end":{"line":11,"column":21}},"loc":{"start":{"line":11,"column":46},"end":{"line":43,"column":1}},"line":11},"1":{"name":"(anonymous_1)","decl":{"start":{"line":33,"column":18},"end":{"line":33,"column":19}},"loc":{"start":{"line":33,"column":30},"end":{"line":37,"column":13}},"line":33},"2":{"name":"(anonymous_2)","decl":{"start":{"line":53,"column":22},"end":{"line":53,"column":23}},"loc":{"start":{"line":53,"column":39},"end":{"line":64,"column":1}},"line":53},"3":{"name":"(anonymous_3)","decl":{"start":{"line":66,"column":28},"end":{"line":66,"column":29}},"loc":{"start":{"line":66,"column":45},"end":{"line":78,"column":1}},"line":66},"4":{"name":"(anonymous_4)","decl":{"start":{"line":67,"column":23},"end":{"line":67,"column":24}},"loc":{"start":{"line":67,"column":44},"end":{"line":77,"column":5}},"line":67},"5":{"name":"(anonymous_5)","decl":{"start":{"line":70,"column":33},"end":{"line":70,"column":34}},"loc":{"start":{"line":70,"column":39},"end":{"line":72,"column":9}},"line":70}},"branchMap":{"0":{"loc":{"start":{"line":7,"column":27},"end":{"line":7,"column":91}},"type":"binary-expr","locations":[{"start":{"line":7,"column":27},"end":{"line":7,"column":57}},{"start":{"line":7,"column":61},"end":{"line":7,"column":91}}],"line":7},"1":{"loc":{"start":{"line":8,"column":23},"end":{"line":8,"column":71}},"type":"binary-expr","locations":[{"start":{"line":8,"column":23},"end":{"line":8,"column":49}},{"start":{"line":8,"column":53},"end":{"line":8,"column":71}}],"line":8},"2":{"loc":{"start":{"line":9,"column":22},"end":{"line":9,"column":55}},"type":"binary-expr","locations":[{"start":{"line":9,"column":22},"end":{"line":9,"column":47}},{"start":{"line":9,"column":51},"end":{"line":9,"column":55}}],"line":9},"3":{"loc":{"start":{"line":17,"column":4},"end":{"line":20,"column":5}},"type":"if","locations":[{"start":{"line":17,"column":4},"end":{"line":20,"column":5}},{"start":{},"end":{}}],"line":17},"4":{"loc":{"start":{"line":24,"column":4},"end":{"line":42,"column":5}},"type":"if","locations":[{"start":{"line":24,"column":4},"end":{"line":42,"column":5}},{"start":{"line":38,"column":11},"end":{"line":42,"column":5}}],"line":24},"5":{"loc":{"start":{"line":38,"column":11},"end":{"line":42,"column":5}},"type":"if","locations":[{"start":{"line":38,"column":11},"end":{"line":42,"column":5}},{"start":{"line":40,"column":11},"end":{"line":42,"column":5}}],"line":38},"6":{"loc":{"start":{"line":57,"column":4},"end":{"line":63,"column":5}},"type":"if","locations":[{"start":{"line":57,"column":4},"end":{"line":63,"column":5}},{"start":{"line":61,"column":11},"end":{"line":63,"column":5}}],"line":57}},"s":{"0":2,"1":2,"2":2,"3":2,"4":2,"5":2,"6":2,"7":5,"8":5,"9":5,"10":5,"11":1,"12":1,"13":4,"14":4,"15":2,"16":2,"17":1,"18":1,"19":2,"20":1,"21":1,"22":2,"23":2,"24":4,"25":4,"26":4,"27":3,"28":3,"29":1,"30":2,"31":5,"32":5,"33":5,"34":0,"35":5,"36":5,"37":5,"38":2},"f":{"0":5,"1":1,"2":4,"3":5,"4":5,"5":0},"b":{"0":[2,2],"1":[2,2],"2":[2,2],"3":[1,4],"4":[2,2],"5":[1,1],"6":[3,1]},"_coverageSchema":"1a1c01bbd47fc00a2c39e90264f33305004495a9","hash":"5d08751a80638e3447f364957f9107de4052204d"}
,"/home/mariana/Documents/bsi/PM/externalTransactions/src/services/validaCartaoService.js": {"path":"/home/mariana/Documents/bsi/PM/externalTransactions/src/services/validaCartaoService.js","statementMap":{"0":{"start":{"line":3,"column":12},"end":{"line":3,"column":40}},"1":{"start":{"line":4,"column":22},"end":{"line":4,"column":47}},"2":{"start":{"line":6,"column":22},"end":{"line":28,"column":1}},"3":{"start":{"line":7,"column":4},"end":{"line":7,"column":49}},"4":{"start":{"line":9,"column":38},"end":{"line":9,"column":50}},"5":{"start":{"line":11,"column":33},"end":{"line":11,"column":61}},"6":{"start":{"line":12,"column":37},"end":{"line":12,"column":75}},"7":{"start":{"line":13,"column":26},"end":{"line":13,"column":48}},"8":{"start":{"line":15,"column":22},"end":{"line":19,"column":5}},"9":{"start":{"line":21,"column":4},"end":{"line":21,"column":42}},"10":{"start":{"line":23,"column":4},"end":{"line":25,"column":5}},"11":{"start":{"line":24,"column":8},"end":{"line":24,"column":57}},"12":{"start":{"line":27,"column":4},"end":{"line":27,"column":55}},"13":{"start":{"line":30,"column":0},"end":{"line":32,"column":2}}},"fnMap":{"0":{"name":"(anonymous_0)","decl":{"start":{"line":6,"column":22},"end":{"line":6,"column":23}},"loc":{"start":{"line":6,"column":48},"end":{"line":28,"column":1}},"line":6}},"branchMap":{"0":{"loc":{"start":{"line":23,"column":4},"end":{"line":25,"column":5}},"type":"if","locations":[{"start":{"line":23,"column":4},"end":{"line":25,"column":5}},{"start":{},"end":{}}],"line":23},"1":{"loc":{"start":{"line":23,"column":8},"end":{"line":23,"column":100}},"type":"binary-expr","locations":[{"start":{"line":23,"column":8},"end":{"line":23,"column":37}},{"start":{"line":23,"column":41},"end":{"line":23,"column":74}},{"start":{"line":23,"column":78},"end":{"line":23,"column":100}}],"line":23}},"s":{"0":2,"1":2,"2":2,"3":2,"4":2,"5":2,"6":2,"7":2,"8":2,"9":2,"10":2,"11":1,"12":1,"13":2},"f":{"0":2},"b":{"0":[1,1],"1":[2,1,1]},"_coverageSchema":"1a1c01bbd47fc00a2c39e90264f33305004495a9","hash":"dded9b9d4ce7304d98c392104081d2d250c3c478"}
,"/home/mariana/Documents/bsi/PM/externalTransactions/src/utils/logUtils.js": {"path":"/home/mariana/Documents/bsi/PM/externalTransactions/src/utils/logUtils.js","statementMap":{"0":{"start":{"line":3,"column":16},"end":{"line":9,"column":2}},"1":{"start":{"line":7,"column":25},"end":{"line":7,"column":80}},"2":{"start":{"line":11,"column":0},"end":{"line":11,"column":29}}},"fnMap":{"0":{"name":"(anonymous_0)","decl":{"start":{"line":7,"column":19},"end":{"line":7,"column":20}},"loc":{"start":{"line":7,"column":25},"end":{"line":7,"column":80}},"line":7}},"branchMap":{},"s":{"0":2,"1":11,"2":2},"f":{"0":11},"b":{},"_coverageSchema":"1a1c01bbd47fc00a2c39e90264f33305004495a9","hash":"7a24bec5aad0ca4547b64cecb4204119869accbd"}
,"/home/mariana/Documents/bsi/PM/externalTransactions/tests/enviarEmailMock.js": {"path":"/home/mariana/Documents/bsi/PM/externalTransactions/tests/enviarEmailMock.js","statementMap":{"0":{"start":{"line":1,"column":24},"end":{"line":6,"column":1}},"1":{"start":{"line":8,"column":0},"end":{"line":10,"column":1}}},"fnMap":{},"branchMap":{},"s":{"0":1,"1":1},"f":{},"b":{},"_coverageSchema":"1a1c01bbd47fc00a2c39e90264f33305004495a9","hash":"91c80e78c6b642a7477adfd670dd84fc58386525"}
}
