{"/home/mariana/Documents/bsi/PM/externalTransactions/src/app.js": {"path":"/home/mariana/Documents/bsi/PM/externalTransactions/src/app.js","statementMap":{"0":{"start":{"line":3,"column":16},"end":{"line":3,"column":34}},"1":{"start":{"line":5,"column":14},"end":{"line":12,"column":1}},"2":{"start":{"line":6,"column":16},"end":{"line":6,"column":29}},"3":{"start":{"line":8,"column":4},"end":{"line":8,"column":54}},"4":{"start":{"line":9,"column":4},"end":{"line":9,"column":57}},"5":{"start":{"line":11,"column":4},"end":{"line":11,"column":15}},"6":{"start":{"line":14,"column":0},"end":{"line":16,"column":1}}},"fnMap":{"0":{"name":"(anonymous_0)","decl":{"start":{"line":5,"column":14},"end":{"line":5,"column":15}},"loc":{"start":{"line":5,"column":29},"end":{"line":12,"column":1}},"line":5}},"branchMap":{"0":{"loc":{"start":{"line":5,"column":15},"end":{"line":5,"column":24}},"type":"default-arg","locations":[{"start":{"line":5,"column":22},"end":{"line":5,"column":24}}],"line":5}},"s":{"0":2,"1":2,"2":2,"3":2,"4":2,"5":2,"6":2},"f":{"0":2},"b":{"0":[2]},"_coverageSchema":"1a1c01bbd47fc00a2c39e90264f33305004495a9","hash":"a9623723809547716b2937ed8f83e65281b39bb7"}
,"/home/mariana/Documents/bsi/PM/externalTransactions/src/index.js": {"path":"/home/mariana/Documents/bsi/PM/externalTransactions/src/index.js","statementMap":{"0":{"start":{"line":3,"column":16},"end":{"line":5,"column":1}},"1":{"start":{"line":4,"column":4},"end":{"line":4,"column":25}},"2":{"start":{"line":7,"column":0},"end":{"line":9,"column":2}}},"fnMap":{"0":{"name":"(anonymous_0)","decl":{"start":{"line":3,"column":16},"end":{"line":3,"column":17}},"loc":{"start":{"line":3,"column":22},"end":{"line":5,"column":1}},"line":3}},"branchMap":{},"s":{"0":2,"1":1,"2":2},"f":{"0":1},"b":{},"_coverageSchema":"1a1c01bbd47fc00a2c39e90264f33305004495a9","hash":"0700be48b6543593f59964d46e44c085ec66acd1"}
,"/home/mariana/Documents/bsi/PM/externalTransactions/src/controllers/cobrancasController.js": {"path":"/home/mariana/Documents/bsi/PM/externalTransactions/src/controllers/cobrancasController.js","statementMap":{"0":{"start":{"line":3,"column":12},"end":{"line":3,"column":40}},"1":{"start":{"line":4,"column":32},"end":{"line":4,"column":78}},"2":{"start":{"line":6,"column":25},"end":{"line":13,"column":1}},"3":{"start":{"line":7,"column":4},"end":{"line":7,"column":38}},"4":{"start":{"line":9,"column":32},"end":{"line":9,"column":44}},"5":{"start":{"line":10,"column":27},"end":{"line":10,"column":90}},"6":{"start":{"line":12,"column":4},"end":{"line":12,"column":46}},"7":{"start":{"line":15,"column":33},"end":{"line":18,"column":1}},"8":{"start":{"line":17,"column":4},"end":{"line":17,"column":37}},"9":{"start":{"line":20,"column":30},"end":{"line":23,"column":1}},"10":{"start":{"line":22,"column":4},"end":{"line":22,"column":37}},"11":{"start":{"line":25,"column":22},"end":{"line":28,"column":1}},"12":{"start":{"line":27,"column":4},"end":{"line":27,"column":37}},"13":{"start":{"line":30,"column":0},"end":{"line":35,"column":1}}},"fnMap":{"0":{"name":"(anonymous_0)","decl":{"start":{"line":6,"column":25},"end":{"line":6,"column":26}},"loc":{"start":{"line":6,"column":51},"end":{"line":13,"column":1}},"line":6},"1":{"name":"(anonymous_1)","decl":{"start":{"line":15,"column":33},"end":{"line":15,"column":34}},"loc":{"start":{"line":15,"column":59},"end":{"line":18,"column":1}},"line":15},"2":{"name":"(anonymous_2)","decl":{"start":{"line":20,"column":30},"end":{"line":20,"column":31}},"loc":{"start":{"line":20,"column":56},"end":{"line":23,"column":1}},"line":20},"3":{"name":"(anonymous_3)","decl":{"start":{"line":25,"column":22},"end":{"line":25,"column":23}},"loc":{"start":{"line":25,"column":48},"end":{"line":28,"column":1}},"line":25}},"branchMap":{},"s":{"0":2,"1":2,"2":2,"3":0,"4":0,"5":0,"6":0,"7":2,"8":0,"9":2,"10":0,"11":2,"12":0,"13":2},"f":{"0":0,"1":0,"2":0,"3":0},"b":{},"_coverageSchema":"1a1c01bbd47fc00a2c39e90264f33305004495a9","hash":"d354aa0aedcf028461965f46f545c6e7c6b7200d"}
,"/home/mariana/Documents/bsi/PM/externalTransactions/src/controllers/enviarEmailController.js": {"path":"/home/mariana/Documents/bsi/PM/externalTransactions/src/controllers/enviarEmailController.js","statementMap":{"0":{"start":{"line":3,"column":12},"end":{"line":3,"column":40}},"1":{"start":{"line":4,"column":27},"end":{"line":4,"column":68}},"2":{"start":{"line":6,"column":20},"end":{"line":15,"column":1}},"3":{"start":{"line":7,"column":4},"end":{"line":7,"column":42}},"4":{"start":{"line":9,"column":41},"end":{"line":9,"column":53}},"5":{"start":{"line":10,"column":30},"end":{"line":10,"column":92}},"6":{"start":{"line":12,"column":4},"end":{"line":12,"column":32}},"7":{"start":{"line":14,"column":4},"end":{"line":14,"column":86}},"8":{"start":{"line":17,"column":0},"end":{"line":19,"column":2}}},"fnMap":{"0":{"name":"(anonymous_0)","decl":{"start":{"line":6,"column":20},"end":{"line":6,"column":21}},"loc":{"start":{"line":6,"column":46},"end":{"line":15,"column":1}},"line":6}},"branchMap":{},"s":{"0":2,"1":2,"2":2,"3":5,"4":5,"5":5,"6":4,"7":4,"8":2},"f":{"0":5},"b":{},"_coverageSchema":"1a1c01bbd47fc00a2c39e90264f33305004495a9","hash":"b0deb20763643c9c9c40bbe56306707dd68f37cf"}
,"/home/mariana/Documents/bsi/PM/externalTransactions/src/controllers/validaCartaoController.js": {"path":"/home/mariana/Documents/bsi/PM/externalTransactions/src/controllers/validaCartaoController.js","statementMap":{"0":{"start":{"line":3,"column":12},"end":{"line":3,"column":40}},"1":{"start":{"line":4,"column":28},"end":{"line":4,"column":70}},"2":{"start":{"line":6,"column":22},"end":{"line":14,"column":1}},"3":{"start":{"line":7,"column":4},"end":{"line":7,"column":43}},"4":{"start":{"line":9,"column":38},"end":{"line":9,"column":50}},"5":{"start":{"line":11,"column":34},"end":{"line":11,"column":96}},"6":{"start":{"line":13,"column":4},"end":{"line":13,"column":94}},"7":{"start":{"line":16,"column":0},"end":{"line":18,"column":2}}},"fnMap":{"0":{"name":"(anonymous_0)","decl":{"start":{"line":6,"column":22},"end":{"line":6,"column":23}},"loc":{"start":{"line":6,"column":48},"end":{"line":14,"column":1}},"line":6}},"branchMap":{},"s":{"0":2,"1":2,"2":2,"3":2,"4":2,"5":2,"6":2,"7":2},"f":{"0":2},"b":{},"_coverageSchema":"1a1c01bbd47fc00a2c39e90264f33305004495a9","hash":"15a4a87dcad9848ecc1bddc1851f9d5d75a28baf"}
,"/home/mariana/Documents/bsi/PM/externalTransactions/src/routes/helloWorldRoute.js": {"path":"/home/mariana/Documents/bsi/PM/externalTransactions/src/routes/helloWorldRoute.js","statementMap":{"0":{"start":{"line":3,"column":20},"end":{"line":3,"column":39}},"1":{"start":{"line":5,"column":15},"end":{"line":9,"column":1}},"2":{"start":{"line":6,"column":4},"end":{"line":8,"column":6}},"3":{"start":{"line":7,"column":8},"end":{"line":7,"column":30}},"4":{"start":{"line":11,"column":0},"end":{"line":11,"column":24}}},"fnMap":{"0":{"name":"(anonymous_0)","decl":{"start":{"line":5,"column":15},"end":{"line":5,"column":16}},"loc":{"start":{"line":5,"column":34},"end":{"line":9,"column":1}},"line":5},"1":{"name":"(anonymous_1)","decl":{"start":{"line":6,"column":31},"end":{"line":6,"column":32}},"loc":{"start":{"line":6,"column":51},"end":{"line":8,"column":5}},"line":6}},"branchMap":{},"s":{"0":2,"1":2,"2":2,"3":1,"4":2},"f":{"0":2,"1":1},"b":{},"_coverageSchema":"1a1c01bbd47fc00a2c39e90264f33305004495a9","hash":"8681ac78b373a829c9a45fbede14571f38d88a92"}
,"/home/mariana/Documents/bsi/PM/externalTransactions/src/routes/transactionsRoutes.js": {"path":"/home/mariana/Documents/bsi/PM/externalTransactions/src/routes/transactionsRoutes.js","statementMap":{"0":{"start":{"line":3,"column":20},"end":{"line":3,"column":52}},"1":{"start":{"line":4,"column":24},"end":{"line":4,"column":71}},"2":{"start":{"line":5,"column":27},"end":{"line":5,"column":66}},"3":{"start":{"line":6,"column":31},"end":{"line":6,"column":79}},"4":{"start":{"line":7,"column":52},"end":{"line":7,"column":88}},"5":{"start":{"line":8,"column":28},"end":{"line":8,"column":73}},"6":{"start":{"line":18,"column":15},"end":{"line":25,"column":1}},"7":{"start":{"line":19,"column":4},"end":{"line":19,"column":75}},"8":{"start":{"line":20,"column":4},"end":{"line":20,"column":84}},"9":{"start":{"line":21,"column":4},"end":{"line":21,"column":116}},"10":{"start":{"line":22,"column":4},"end":{"line":22,"column":93}},"11":{"start":{"line":23,"column":4},"end":{"line":23,"column":69}},"12":{"start":{"line":24,"column":4},"end":{"line":24,"column":101}},"13":{"start":{"line":27,"column":0},"end":{"line":27,"column":24}}},"fnMap":{"0":{"name":"(anonymous_0)","decl":{"start":{"line":18,"column":15},"end":{"line":18,"column":16}},"loc":{"start":{"line":18,"column":34},"end":{"line":25,"column":1}},"line":18}},"branchMap":{},"s":{"0":2,"1":2,"2":2,"3":2,"4":2,"5":2,"6":2,"7":2,"8":2,"9":2,"10":2,"11":2,"12":2,"13":2},"f":{"0":2},"b":{},"_coverageSchema":"1a1c01bbd47fc00a2c39e90264f33305004495a9","hash":"70ad0cc17d5ce2af855b34d6d993caf3cbdca996"}
,"/home/mariana/Documents/bsi/PM/externalTransactions/src/routes/schemas/cobrancasSchema.js": {"path":"/home/mariana/Documents/bsi/PM/externalTransactions/src/routes/schemas/cobrancasSchema.js","statementMap":{"0":{"start":{"line":3,"column":23},"end":{"line":10,"column":1}},"1":{"start":{"line":12,"column":32},"end":{"line":22,"column":1}},"2":{"start":{"line":24,"column":0},"end":{"line":28,"column":1}}},"fnMap":{},"branchMap":{},"s":{"0":2,"1":2,"2":2},"f":{},"b":{},"_coverageSchema":"1a1c01bbd47fc00a2c39e90264f33305004495a9","hash":"01e7c3f8ac8a755bf6f58e037d9c7004fad315f0"}
,"/home/mariana/Documents/bsi/PM/externalTransactions/src/routes/schemas/emailSchema.js": {"path":"/home/mariana/Documents/bsi/PM/externalTransactions/src/routes/schemas/emailSchema.js","statementMap":{"0":{"start":{"line":3,"column":23},"end":{"line":12,"column":1}},"1":{"start":{"line":14,"column":0},"end":{"line":16,"column":1}}},"fnMap":{},"branchMap":{},"s":{"0":2,"1":2},"f":{},"b":{},"_coverageSchema":"1a1c01bbd47fc00a2c39e90264f33305004495a9","hash":"ab7d23980511bc0f2d83ebb262f2c4d83188a74b"}
,"/home/mariana/Documents/bsi/PM/externalTransactions/src/routes/schemas/validaCartaoSchema.js": {"path":"/home/mariana/Documents/bsi/PM/externalTransactions/src/routes/schemas/validaCartaoSchema.js","statementMap":{"0":{"start":{"line":3,"column":23},"end":{"line":12,"column":1}},"1":{"start":{"line":14,"column":0},"end":{"line":16,"column":1}}},"fnMap":{},"branchMap":{},"s":{"0":2,"1":2},"f":{},"b":{},"_coverageSchema":"1a1c01bbd47fc00a2c39e90264f33305004495a9","hash":"ed384f6d589de9c9c8f86f6a4f75b2e56910291b"}
,"/home/mariana/Documents/bsi/PM/externalTransactions/src/services/enviarEmailService.js": {"path":"/home/mariana/Documents/bsi/PM/externalTransactions/src/services/enviarEmailService.js","statementMap":{"0":{"start":{"line":3,"column":12},"end":{"line":3,"column":40}},"1":{"start":{"line":4,"column":19},"end":{"line":4,"column":40}},"2":{"start":{"line":5,"column":14},"end":{"line":5,"column":30}},"3":{"start":{"line":7,"column":27},"end":{"line":7,"column":91}},"4":{"start":{"line":8,"column":23},"end":{"line":8,"column":71}},"5":{"start":{"line":10,"column":20},"end":{"line":31,"column":1}},"6":{"start":{"line":11,"column":4},"end":{"line":11,"column":47}},"7":{"start":{"line":13,"column":34},"end":{"line":13,"column":60}},"8":{"start":{"line":15,"column":4},"end":{"line":30,"column":5}},"9":{"start":{"line":16,"column":28},"end":{"line":21,"column":9}},"10":{"start":{"line":23,"column":8},"end":{"line":27,"column":15}},"11":{"start":{"line":25,"column":16},"end":{"line":25,"column":44}},"12":{"start":{"line":26,"column":16},"end":{"line":26,"column":81}},"13":{"start":{"line":29,"column":8},"end":{"line":29,"column":37}},"14":{"start":{"line":33,"column":20},"end":{"line":39,"column":2}},"15":{"start":{"line":41,"column":22},"end":{"line":59,"column":1}},"16":{"start":{"line":42,"column":19},"end":{"line":42,"column":41}},"17":{"start":{"line":43,"column":21},"end":{"line":43,"column":122}},"18":{"start":{"line":45,"column":4},"end":{"line":58,"column":5}},"19":{"start":{"line":46,"column":23},"end":{"line":46,"column":36}},"20":{"start":{"line":48,"column":8},"end":{"line":50,"column":9}},"21":{"start":{"line":49,"column":12},"end":{"line":49,"column":78}},"22":{"start":{"line":51,"column":8},"end":{"line":55,"column":9}},"23":{"start":{"line":52,"column":12},"end":{"line":52,"column":24}},"24":{"start":{"line":54,"column":12},"end":{"line":54,"column":66}},"25":{"start":{"line":57,"column":8},"end":{"line":57,"column":72}},"26":{"start":{"line":61,"column":0},"end":{"line":63,"column":1}}},"fnMap":{"0":{"name":"(anonymous_0)","decl":{"start":{"line":10,"column":20},"end":{"line":10,"column":21}},"loc":{"start":{"line":10,"column":56},"end":{"line":31,"column":1}},"line":10},"1":{"name":"(anonymous_1)","decl":{"start":{"line":24,"column":18},"end":{"line":24,"column":19}},"loc":{"start":{"line":24,"column":30},"end":{"line":27,"column":13}},"line":24},"2":{"name":"(anonymous_2)","decl":{"start":{"line":41,"column":22},"end":{"line":41,"column":23}},"loc":{"start":{"line":41,"column":39},"end":{"line":59,"column":1}},"line":41}},"branchMap":{"0":{"loc":{"start":{"line":7,"column":27},"end":{"line":7,"column":91}},"type":"binary-expr","locations":[{"start":{"line":7,"column":27},"end":{"line":7,"column":57}},{"start":{"line":7,"column":61},"end":{"line":7,"column":91}}],"line":7},"1":{"loc":{"start":{"line":8,"column":23},"end":{"line":8,"column":71}},"type":"binary-expr","locations":[{"start":{"line":8,"column":23},"end":{"line":8,"column":49}},{"start":{"line":8,"column":53},"end":{"line":8,"column":71}}],"line":8},"2":{"loc":{"start":{"line":15,"column":4},"end":{"line":30,"column":5}},"type":"if","locations":[{"start":{"line":15,"column":4},"end":{"line":30,"column":5}},{"start":{"line":28,"column":11},"end":{"line":30,"column":5}}],"line":15},"3":{"loc":{"start":{"line":45,"column":4},"end":{"line":58,"column":5}},"type":"if","locations":[{"start":{"line":45,"column":4},"end":{"line":58,"column":5}},{"start":{"line":56,"column":11},"end":{"line":58,"column":5}}],"line":45},"4":{"loc":{"start":{"line":48,"column":8},"end":{"line":50,"column":9}},"type":"if","locations":[{"start":{"line":48,"column":8},"end":{"line":50,"column":9}},{"start":{},"end":{}}],"line":48},"5":{"loc":{"start":{"line":51,"column":8},"end":{"line":55,"column":9}},"type":"if","locations":[{"start":{"line":51,"column":8},"end":{"line":55,"column":9}},{"start":{"line":53,"column":15},"end":{"line":55,"column":9}}],"line":51}},"s":{"0":2,"1":2,"2":2,"3":2,"4":2,"5":2,"6":5,"7":5,"8":5,"9":2,"10":2,"11":1,"12":1,"13":3,"14":2,"15":2,"16":5,"17":5,"18":5,"19":4,"20":4,"21":1,"22":3,"23":2,"24":1,"25":1,"26":2},"f":{"0":5,"1":1,"2":5},"b":{"0":[2,2],"1":[2,2],"2":[2,3],"3":[4,1],"4":[1,3],"5":[2,1]},"_coverageSchema":"1a1c01bbd47fc00a2c39e90264f33305004495a9","hash":"c3e183bcf1f84e2d89519dd3319a801e69a71c19"}
,"/home/mariana/Documents/bsi/PM/externalTransactions/src/services/realizarCobrancaService.js": {"path":"/home/mariana/Documents/bsi/PM/externalTransactions/src/services/realizarCobrancaService.js","statementMap":{"0":{"start":{"line":3,"column":12},"end":{"line":3,"column":40}},"1":{"start":{"line":4,"column":14},"end":{"line":4,"column":30}},"2":{"start":{"line":5,"column":15},"end":{"line":5,"column":143}},"3":{"start":{"line":6,"column":13},"end":{"line":6,"column":28}},"4":{"start":{"line":7,"column":20},"end":{"line":7,"column":61}},"5":{"start":{"line":9,"column":25},"end":{"line":38,"column":1}},"6":{"start":{"line":10,"column":4},"end":{"line":10,"column":52}},"7":{"start":{"line":12,"column":29},"end":{"line":12,"column":38}},"8":{"start":{"line":13,"column":21},"end":{"line":13,"column":54}},"9":{"start":{"line":14,"column":22},"end":{"line":14,"column":66}},"10":{"start":{"line":15,"column":16},"end":{"line":15,"column":42}},"11":{"start":{"line":16,"column":16},"end":{"line":16,"column":42}},"12":{"start":{"line":17,"column":28},"end":{"line":17,"column":52}},"13":{"start":{"line":19,"column":4},"end":{"line":37,"column":5}},"14":{"start":{"line":20,"column":27},"end":{"line":20,"column":78}},"15":{"start":{"line":22,"column":23},"end":{"line":22,"column":70}},"16":{"start":{"line":23,"column":23},"end":{"line":23,"column":80}},"17":{"start":{"line":24,"column":8},"end":{"line":24,"column":42}},"18":{"start":{"line":29,"column":8},"end":{"line":29,"column":108}},"19":{"start":{"line":32,"column":8},"end":{"line":35,"column":60}},"20":{"start":{"line":36,"column":8},"end":{"line":36,"column":63}},"21":{"start":{"line":40,"column":24},"end":{"line":49,"column":1}},"22":{"start":{"line":41,"column":4},"end":{"line":41,"column":45}},"23":{"start":{"line":42,"column":22},"end":{"line":42,"column":94}},"24":{"start":{"line":43,"column":21},"end":{"line":43,"column":66}},"25":{"start":{"line":43,"column":46},"end":{"line":43,"column":65}},"26":{"start":{"line":44,"column":4},"end":{"line":48,"column":6}},"27":{"start":{"line":51,"column":23},"end":{"line":63,"column":1}},"28":{"start":{"line":52,"column":4},"end":{"line":62,"column":5}},"29":{"start":{"line":53,"column":25},"end":{"line":56,"column":10}},"30":{"start":{"line":58,"column":8},"end":{"line":58,"column":27}},"31":{"start":{"line":60,"column":8},"end":{"line":60,"column":27}},"32":{"start":{"line":61,"column":8},"end":{"line":61,"column":51}},"33":{"start":{"line":65,"column":26},"end":{"line":76,"column":1}},"34":{"start":{"line":66,"column":4},"end":{"line":75,"column":5}},"35":{"start":{"line":67,"column":21},"end":{"line":69,"column":10}},"36":{"start":{"line":71,"column":8},"end":{"line":71,"column":23}},"37":{"start":{"line":73,"column":8},"end":{"line":73,"column":27}},"38":{"start":{"line":74,"column":8},"end":{"line":74,"column":65}},"39":{"start":{"line":98,"column":23},"end":{"line":110,"column":1}},"40":{"start":{"line":99,"column":4},"end":{"line":109,"column":5}},"41":{"start":{"line":100,"column":8},"end":{"line":105,"column":11}},"42":{"start":{"line":107,"column":8},"end":{"line":107,"column":27}},"43":{"start":{"line":108,"column":8},"end":{"line":108,"column":52}},"44":{"start":{"line":113,"column":22},"end":{"line":122,"column":1}},"45":{"start":{"line":114,"column":4},"end":{"line":121,"column":5}},"46":{"start":{"line":124,"column":0},"end":{"line":126,"column":1}}},"fnMap":{"0":{"name":"(anonymous_0)","decl":{"start":{"line":9,"column":25},"end":{"line":9,"column":26}},"loc":{"start":{"line":9,"column":54},"end":{"line":38,"column":1}},"line":9},"1":{"name":"(anonymous_1)","decl":{"start":{"line":40,"column":24},"end":{"line":40,"column":25}},"loc":{"start":{"line":40,"column":46},"end":{"line":49,"column":1}},"line":40},"2":{"name":"(anonymous_2)","decl":{"start":{"line":43,"column":41},"end":{"line":43,"column":42}},"loc":{"start":{"line":43,"column":46},"end":{"line":43,"column":65}},"line":43},"3":{"name":"(anonymous_3)","decl":{"start":{"line":51,"column":23},"end":{"line":51,"column":24}},"loc":{"start":{"line":51,"column":46},"end":{"line":63,"column":1}},"line":51},"4":{"name":"(anonymous_4)","decl":{"start":{"line":65,"column":26},"end":{"line":65,"column":27}},"loc":{"start":{"line":65,"column":57},"end":{"line":76,"column":1}},"line":65},"5":{"name":"(anonymous_5)","decl":{"start":{"line":98,"column":23},"end":{"line":98,"column":24}},"loc":{"start":{"line":98,"column":69},"end":{"line":110,"column":1}},"line":98},"6":{"name":"(anonymous_6)","decl":{"start":{"line":113,"column":22},"end":{"line":113,"column":23}},"loc":{"start":{"line":113,"column":74},"end":{"line":122,"column":1}},"line":113}},"branchMap":{},"s":{"0":2,"1":2,"2":2,"3":2,"4":2,"5":2,"6":0,"7":0,"8":0,"9":0,"10":0,"11":0,"12":0,"13":0,"14":0,"15":0,"16":0,"17":0,"18":0,"19":0,"20":0,"21":2,"22":0,"23":0,"24":0,"25":0,"26":0,"27":2,"28":0,"29":0,"30":0,"31":0,"32":0,"33":2,"34":0,"35":0,"36":0,"37":0,"38":0,"39":2,"40":0,"41":0,"42":0,"43":0,"44":2,"45":0,"46":2},"f":{"0":0,"1":0,"2":0,"3":0,"4":0,"5":0,"6":0},"b":{},"_coverageSchema":"1a1c01bbd47fc00a2c39e90264f33305004495a9","hash":"edb4357c4a75de6c970ccdb4a7ae9a0b2928b377"}
,"/home/mariana/Documents/bsi/PM/externalTransactions/src/services/validaCartaoService.js": {"path":"/home/mariana/Documents/bsi/PM/externalTransactions/src/services/validaCartaoService.js","statementMap":{"0":{"start":{"line":3,"column":12},"end":{"line":3,"column":40}},"1":{"start":{"line":4,"column":22},"end":{"line":4,"column":47}},"2":{"start":{"line":6,"column":22},"end":{"line":26,"column":1}},"3":{"start":{"line":7,"column":4},"end":{"line":7,"column":49}},"4":{"start":{"line":9,"column":33},"end":{"line":9,"column":61}},"5":{"start":{"line":10,"column":37},"end":{"line":10,"column":75}},"6":{"start":{"line":11,"column":26},"end":{"line":11,"column":48}},"7":{"start":{"line":13,"column":22},"end":{"line":17,"column":5}},"8":{"start":{"line":19,"column":4},"end":{"line":19,"column":42}},"9":{"start":{"line":21,"column":4},"end":{"line":23,"column":5}},"10":{"start":{"line":22,"column":8},"end":{"line":22,"column":63}},"11":{"start":{"line":25,"column":4},"end":{"line":25,"column":61}},"12":{"start":{"line":28,"column":0},"end":{"line":30,"column":2}}},"fnMap":{"0":{"name":"(anonymous_0)","decl":{"start":{"line":6,"column":22},"end":{"line":6,"column":23}},"loc":{"start":{"line":6,"column":55},"end":{"line":26,"column":1}},"line":6}},"branchMap":{"0":{"loc":{"start":{"line":21,"column":4},"end":{"line":23,"column":5}},"type":"if","locations":[{"start":{"line":21,"column":4},"end":{"line":23,"column":5}},{"start":{},"end":{}}],"line":21},"1":{"loc":{"start":{"line":21,"column":8},"end":{"line":21,"column":100}},"type":"binary-expr","locations":[{"start":{"line":21,"column":8},"end":{"line":21,"column":37}},{"start":{"line":21,"column":41},"end":{"line":21,"column":74}},{"start":{"line":21,"column":78},"end":{"line":21,"column":100}}],"line":21}},"s":{"0":2,"1":2,"2":2,"3":2,"4":2,"5":2,"6":2,"7":2,"8":2,"9":2,"10":1,"11":1,"12":2},"f":{"0":2},"b":{"0":[1,1],"1":[2,1,1]},"_coverageSchema":"1a1c01bbd47fc00a2c39e90264f33305004495a9","hash":"b061031e906a5ffb129259ed81fa1261011be361"}
,"/home/mariana/Documents/bsi/PM/externalTransactions/src/utils/logUtils.js": {"path":"/home/mariana/Documents/bsi/PM/externalTransactions/src/utils/logUtils.js","statementMap":{"0":{"start":{"line":3,"column":16},"end":{"line":9,"column":2}},"1":{"start":{"line":7,"column":25},"end":{"line":7,"column":80}},"2":{"start":{"line":11,"column":0},"end":{"line":11,"column":29}}},"fnMap":{"0":{"name":"(anonymous_0)","decl":{"start":{"line":7,"column":19},"end":{"line":7,"column":20}},"loc":{"start":{"line":7,"column":25},"end":{"line":7,"column":80}},"line":7}},"branchMap":{},"s":{"0":2,"1":21,"2":2},"f":{"0":21},"b":{},"_coverageSchema":"1a1c01bbd47fc00a2c39e90264f33305004495a9","hash":"7a24bec5aad0ca4547b64cecb4204119869accbd"}
,"/home/mariana/Documents/bsi/PM/externalTransactions/tests/enviarEmailMock.js": {"path":"/home/mariana/Documents/bsi/PM/externalTransactions/tests/enviarEmailMock.js","statementMap":{"0":{"start":{"line":1,"column":24},"end":{"line":6,"column":1}},"1":{"start":{"line":8,"column":0},"end":{"line":10,"column":1}}},"fnMap":{},"branchMap":{},"s":{"0":1,"1":1},"f":{},"b":{},"_coverageSchema":"1a1c01bbd47fc00a2c39e90264f33305004495a9","hash":"91c80e78c6b642a7477adfd670dd84fc58386525"}
}
