TN:
SF:src/app.js
FN:5,(anonymous_0)
FNF:1
FNH:1
FNDA:3,(anonymous_0)
DA:3,3
DA:5,3
DA:6,3
DA:8,3
DA:9,3
DA:11,3
DA:14,3
LF:7
LH:7
BRDA:5,0,0,3
BRF:1
BRH:1
end_of_record
TN:
SF:src/index.js
FN:3,(anonymous_0)
FNF:1
FNH:1
FNDA:1,(anonymous_0)
DA:3,3
DA:4,1
DA:7,3
LF:3
LH:3
BRF:0
BRH:0
end_of_record
TN:
SF:src/controllers/cobrancasController.js
FN:6,(anonymous_0)
FN:15,(anonymous_1)
FN:20,(anonymous_2)
FN:25,(anonymous_3)
FNF:4
FNH:1
FNDA:1,(anonymous_0)
FNDA:0,(anonymous_1)
FNDA:0,(anonymous_2)
FNDA:0,(anonymous_3)
DA:3,3
DA:4,3
DA:6,3
DA:7,1
DA:9,1
DA:10,1
DA:12,1
DA:15,3
DA:17,0
DA:20,3
DA:22,0
DA:25,3
DA:27,0
DA:30,3
LF:14
LH:11
BRF:0
BRH:0
end_of_record
TN:
SF:src/controllers/enviarEmailController.js
FN:6,(anonymous_0)
FNF:1
FNH:1
FNDA:5,(anonymous_0)
DA:3,3
DA:4,3
DA:6,3
DA:7,5
DA:9,5
DA:10,5
DA:12,4
DA:14,4
DA:17,3
LF:9
LH:9
BRF:0
BRH:0
end_of_record
TN:
SF:src/controllers/validaCartaoController.js
FN:6,(anonymous_0)
FNF:1
FNH:1
FNDA:2,(anonymous_0)
DA:3,3
DA:4,3
DA:6,3
DA:7,2
DA:9,2
DA:11,2
DA:13,2
DA:16,3
LF:8
LH:8
BRF:0
BRH:0
end_of_record
TN:
SF:src/routes/helloWorldRoute.js
FN:5,(anonymous_0)
FN:6,(anonymous_1)
FNF:2
FNH:2
FNDA:3,(anonymous_0)
FNDA:1,(anonymous_1)
DA:3,3
DA:5,3
DA:6,3
DA:7,1
DA:11,3
LF:5
LH:5
BRF:0
BRH:0
end_of_record
TN:
SF:src/routes/transactionsRoutes.js
FN:18,(anonymous_0)
FNF:1
FNH:1
FNDA:3,(anonymous_0)
DA:3,3
DA:4,3
DA:5,3
DA:6,3
DA:7,3
DA:8,3
DA:18,3
DA:19,3
DA:20,3
DA:21,3
DA:22,3
DA:23,3
DA:24,3
DA:27,3
LF:14
LH:14
BRF:0
BRH:0
end_of_record
TN:
SF:src/routes/schemas/cobrancasSchema.js
FNF:0
FNH:0
DA:3,3
DA:12,3
DA:24,3
LF:3
LH:3
BRF:0
BRH:0
end_of_record
TN:
SF:src/routes/schemas/emailSchema.js
FNF:0
FNH:0
DA:3,3
DA:14,3
LF:2
LH:2
BRF:0
BRH:0
end_of_record
TN:
SF:src/routes/schemas/validaCartaoSchema.js
FNF:0
FNH:0
DA:3,3
DA:14,3
LF:2
LH:2
BRF:0
BRH:0
end_of_record
TN:
SF:src/services/enviarEmailService.js
FN:10,(anonymous_0)
FN:24,(anonymous_1)
FN:41,(anonymous_2)
FNF:3
FNH:3
FNDA:5,(anonymous_0)
FNDA:1,(anonymous_1)
FNDA:5,(anonymous_2)
DA:3,3
DA:4,3
DA:5,3
DA:7,3
DA:8,3
DA:10,3
DA:11,5
DA:13,5
DA:15,5
DA:16,2
DA:23,2
DA:25,1
DA:26,1
DA:29,3
DA:33,3
DA:41,3
DA:42,5
DA:43,5
DA:45,5
DA:46,4
DA:48,4
DA:49,1
DA:51,3
DA:52,2
DA:54,1
DA:57,1
DA:61,3
LF:27
LH:27
BRDA:7,0,0,3
BRDA:7,0,1,3
BRDA:8,1,0,3
BRDA:8,1,1,3
BRDA:15,2,0,2
BRDA:15,2,1,3
BRDA:45,3,0,4
BRDA:45,3,1,1
BRDA:48,4,0,1
BRDA:48,4,1,3
BRDA:51,5,0,2
BRDA:51,5,1,1
BRF:12
BRH:12
end_of_record
TN:
SF:src/services/realizarCobrancaService.js
FN:9,(anonymous_0)
FN:40,(anonymous_1)
FN:43,(anonymous_2)
FN:51,(anonymous_3)
FN:65,(anonymous_4)
FN:98,(anonymous_5)
FN:113,(anonymous_6)
FNF:7
FNH:0
FNDA:0,(anonymous_0)
FNDA:0,(anonymous_1)
FNDA:0,(anonymous_2)
FNDA:0,(anonymous_3)
FNDA:0,(anonymous_4)
FNDA:0,(anonymous_5)
FNDA:0,(anonymous_6)
DA:3,3
DA:4,3
DA:5,3
DA:6,3
DA:7,3
DA:9,3
DA:10,0
DA:12,0
DA:13,0
DA:14,0
DA:15,0
DA:16,0
DA:17,0
DA:19,0
DA:20,0
DA:22,0
DA:23,0
DA:24,0
DA:29,0
DA:32,0
DA:36,0
DA:40,3
DA:41,0
DA:42,0
DA:43,0
DA:44,0
DA:51,3
DA:52,0
DA:53,0
DA:58,0
DA:60,0
DA:61,0
DA:65,3
DA:66,0
DA:67,0
DA:71,0
DA:73,0
DA:74,0
DA:98,3
DA:99,0
DA:100,0
DA:107,0
DA:108,0
DA:113,3
DA:114,0
DA:124,3
LF:46
LH:12
BRF:0
BRH:0
end_of_record
TN:
SF:src/services/validaCartaoService.js
FN:6,(anonymous_0)
FNF:1
FNH:1
FNDA:2,(anonymous_0)
DA:3,3
DA:4,3
DA:6,3
DA:7,2
DA:9,2
DA:10,2
DA:11,2
DA:13,2
DA:19,2
DA:21,2
DA:22,1
DA:25,1
DA:28,3
LF:13
LH:13
BRDA:21,0,0,1
BRDA:21,0,1,1
BRDA:21,1,0,2
BRDA:21,1,1,1
BRDA:21,1,2,1
BRF:5
BRH:5
end_of_record
TN:
SF:src/utils/logUtils.js
FN:7,(anonymous_0)
FNF:1
FNH:1
FNDA:23,(anonymous_0)
DA:3,3
DA:7,23
DA:11,3
LF:3
LH:3
BRF:0
BRH:0
end_of_record
TN:
SF:tests/cobrancaCiclistasMock.js
FNF:0
FNH:0
DA:2,1
DA:7,1
DA:125,1
LF:3
LH:3
BRF:0
BRH:0
end_of_record
TN:
SF:tests/enviarEmailMock.js
FNF:0
FNH:0
DA:1,1
DA:8,1
LF:2
LH:2
BRF:0
BRH:0
end_of_record
