TN:
SF:src/app.js
FN:5,(anonymous_0)
FNF:1
FNH:1
FNDA:2,(anonymous_0)
DA:3,2
DA:5,2
DA:6,2
DA:8,2
DA:9,2
DA:11,2
DA:14,2
LF:7
LH:7
BRDA:5,0,0,2
BRF:1
BRH:1
end_of_record
TN:
SF:src/index.js
FN:3,(anonymous_0)
FNF:1
FNH:1
FNDA:1,(anonymous_0)
DA:3,2
DA:4,1
DA:7,2
LF:3
LH:3
BRF:0
BRH:0
end_of_record
TN:
SF:src/routes/helloWorldRoute.js
FN:5,(anonymous_0)
FN:6,(anonymous_1)
FNF:2
FNH:2
FNDA:2,(anonymous_0)
FNDA:1,(anonymous_1)
DA:3,2
DA:5,2
DA:6,2
DA:7,1
DA:11,2
LF:5
LH:5
BRF:0
BRH:0
end_of_record
TN:
SF:src/routes/transactionsRoutes.js
FN:19,(anonymous_0)
FNF:1
FNH:1
FNDA:2,(anonymous_0)
DA:3,2
DA:4,2
DA:5,2
DA:6,2
DA:19,2
DA:20,2
DA:21,2
DA:24,2
LF:8
LH:8
BRF:0
BRH:0
end_of_record
TN:
SF:src/routes/schemas/emailSchema.js
FNF:0
FNH:0
DA:3,2
DA:14,2
LF:2
LH:2
BRF:0
BRH:0
end_of_record
TN:
SF:src/routes/schemas/validaCartaoSchema.js
FNF:0
FNH:0
DA:3,2
DA:14,2
LF:2
LH:2
BRF:0
BRH:0
end_of_record
TN:
SF:src/services/enviarEmailService.js
FN:11,(anonymous_0)
FN:33,(anonymous_1)
FN:53,(anonymous_2)
FN:66,(anonymous_3)
FN:67,(anonymous_4)
FN:70,(anonymous_5)
FNF:6
FNH:5
FNDA:5,(anonymous_0)
FNDA:1,(anonymous_1)
FNDA:4,(anonymous_2)
FNDA:5,(anonymous_3)
FNDA:5,(anonymous_4)
FNDA:0,(anonymous_5)
DA:3,2
DA:4,2
DA:5,2
DA:7,2
DA:8,2
DA:9,2
DA:11,2
DA:12,5
DA:14,5
DA:15,5
DA:17,5
DA:18,1
DA:19,1
DA:22,4
DA:24,4
DA:25,2
DA:32,2
DA:34,1
DA:35,1
DA:38,2
DA:39,1
DA:41,1
DA:45,2
DA:53,2
DA:54,4
DA:55,4
DA:57,4
DA:58,3
DA:60,3
DA:62,1
DA:66,2
DA:67,5
DA:68,5
DA:70,5
DA:71,0
DA:74,5
DA:75,5
DA:76,5
DA:80,2
LF:39
LH:38
BRDA:7,0,0,2
BRDA:7,0,1,2
BRDA:8,1,0,2
BRDA:8,1,1,2
BRDA:9,2,0,2
BRDA:9,2,1,2
BRDA:17,3,0,1
BRDA:17,3,1,4
BRDA:24,4,0,2
BRDA:24,4,1,2
BRDA:38,5,0,1
BRDA:38,5,1,1
BRDA:57,6,0,3
BRDA:57,6,1,1
BRF:14
BRH:14
end_of_record
TN:
SF:src/services/validaCartaoService.js
FN:6,(anonymous_0)
FNF:1
FNH:1
FNDA:2,(anonymous_0)
DA:3,2
DA:4,2
DA:6,2
DA:7,2
DA:9,2
DA:11,2
DA:12,2
DA:13,2
DA:15,2
DA:21,2
DA:23,2
DA:24,1
DA:27,1
DA:30,2
LF:14
LH:14
BRDA:23,0,0,1
BRDA:23,0,1,1
BRDA:23,1,0,2
BRDA:23,1,1,1
BRDA:23,1,2,1
BRF:5
BRH:5
end_of_record
TN:
SF:src/utils/logUtils.js
FN:7,(anonymous_0)
FNF:1
FNH:1
FNDA:11,(anonymous_0)
DA:3,2
DA:7,11
DA:11,2
LF:3
LH:3
BRF:0
BRH:0
end_of_record
TN:
SF:tests/enviarEmailMock.js
FNF:0
FNH:0
DA:1,1
DA:8,1
LF:2
LH:2
BRF:0
BRH:0
end_of_record
